<?xml version="1.0" encoding="UTF-8" ?>
<testsuite tests="5" failures="0" name="ISOFT2_B05.Pr1.Problema1Test" time="0.103" errors="0" skipped="0">
  <properties>
[...]
</properties>
  <testcase classname="ISOFT2_B05.Pr1.Problema1Test" name="actualizarFecha" time="0.103"/>
  <testcase classname="ISOFT2_B05.Pr1.Problema1Test" name="actualizarFechaIncorrecta" time="0"/>
  <testcase classname="ISOFT2_B05.Pr1.Problema1Test" name="bisiesto" time="0"/>
  <testcase classname="ISOFT2_B05.Pr1.Problema1Test" name="crearFecha" time="0"/>
  <testcase classname="ISOFT2_B05.Pr1.Problema1Test" name="crearFechaIncorrecta" time="0"/>
</testsuite>